<?xml version="1.0" encoding="UTF-8"?>
<testsuite xmlns:xsi="http://www.w3.org/2001/XMLSchema-instance" xsi:noNamespaceSchemaLocation="https://maven.apache.org/surefire/maven-surefire-plugin/xsd/surefire-test-report.xsd" name="ferdev.mvn.test.CalculatorTest" time="0.073" tests="6" errors="0" skipped="3" failures="0">
  <properties>
    <property name="java.specification.version" value="16"/>
    <property name="sun.jnu.encoding" value="UTF-8"/>
    <property name="java.class.path" value="/home/feriwinarta/Source Code/maven/belajar-mvn-unit-test/target/test-classes:/home/feriwinarta/Source Code/maven/belajar-mvn-unit-test/target/classes:/home/feriwinarta/.m2/repository/org/junit/jupiter/junit-jupiter/5.8.0-M1/junit-jupiter-5.8.0-M1.jar:/home/feriwinarta/.m2/repository/org/junit/jupiter/junit-jupiter-api/5.8.0-M1/junit-jupiter-api-5.8.0-M1.jar:/home/feriwinarta/.m2/repository/org/apiguardian/apiguardian-api/1.1.1/apiguardian-api-1.1.1.jar:/home/feriwinarta/.m2/repository/org/opentest4j/opentest4j/1.2.0/opentest4j-1.2.0.jar:/home/feriwinarta/.m2/repository/org/junit/platform/junit-platform-commons/1.8.0-M1/junit-platform-commons-1.8.0-M1.jar:/home/feriwinarta/.m2/repository/org/junit/jupiter/junit-jupiter-params/5.8.0-M1/junit-jupiter-params-5.8.0-M1.jar:/home/feriwinarta/.m2/repository/org/junit/jupiter/junit-jupiter-engine/5.8.0-M1/junit-jupiter-engine-5.8.0-M1.jar:/home/feriwinarta/.m2/repository/org/junit/platform/junit-platform-engine/1.8.0-M1/junit-platform-engine-1.8.0-M1.jar:/home/feriwinarta/.m2/repository/org/jetbrains/kotlin/kotlin-stdlib-jdk8/1.4.20/kotlin-stdlib-jdk8-1.4.20.jar:/home/feriwinarta/.m2/repository/org/jetbrains/kotlin/kotlin-stdlib/1.4.20/kotlin-stdlib-1.4.20.jar:/home/feriwinarta/.m2/repository/org/jetbrains/kotlin/kotlin-stdlib-common/1.4.20/kotlin-stdlib-common-1.4.20.jar:/home/feriwinarta/.m2/repository/org/jetbrains/annotations/13.0/annotations-13.0.jar:/home/feriwinarta/.m2/repository/org/jetbrains/kotlin/kotlin-stdlib-jdk7/1.4.20/kotlin-stdlib-jdk7-1.4.20.jar:/home/feriwinarta/.m2/repository/com/google/code/gson/gson/2.8.7/gson-2.8.7.jar:"/>
    <property name="java.vm.vendor" value="Oracle Corporation"/>
    <property name="sun.arch.data.model" value="64"/>
    <property name="java.vendor.url" value="https://java.oracle.com/"/>
    <property name="os.name" value="Linux"/>
    <property name="java.vm.specification.version" value="16"/>
    <property name="sun.java.launcher" value="SUN_STANDARD"/>
    <property name="user.country" value="US"/>
    <property name="sun.boot.library.path" value="/usr/java/jdk-16.0.1/lib"/>
    <property name="sun.java.command" value="/home/feriwinarta/Source Code/maven/belajar-mvn-unit-test/target/surefire/surefirebooter8736461805543675865.jar /home/feriwinarta/Source Code/maven/belajar-mvn-unit-test/target/surefire 2021-08-01T18-45-34_572-jvmRun1 surefire6640763579778621735tmp surefire_010654883623988072463tmp"/>
    <property name="jdk.debug" value="release"/>
    <property name="surefire.test.class.path" value="/home/feriwinarta/Source Code/maven/belajar-mvn-unit-test/target/test-classes:/home/feriwinarta/Source Code/maven/belajar-mvn-unit-test/target/classes:/home/feriwinarta/.m2/repository/org/junit/jupiter/junit-jupiter/5.8.0-M1/junit-jupiter-5.8.0-M1.jar:/home/feriwinarta/.m2/repository/org/junit/jupiter/junit-jupiter-api/5.8.0-M1/junit-jupiter-api-5.8.0-M1.jar:/home/feriwinarta/.m2/repository/org/apiguardian/apiguardian-api/1.1.1/apiguardian-api-1.1.1.jar:/home/feriwinarta/.m2/repository/org/opentest4j/opentest4j/1.2.0/opentest4j-1.2.0.jar:/home/feriwinarta/.m2/repository/org/junit/platform/junit-platform-commons/1.8.0-M1/junit-platform-commons-1.8.0-M1.jar:/home/feriwinarta/.m2/repository/org/junit/jupiter/junit-jupiter-params/5.8.0-M1/junit-jupiter-params-5.8.0-M1.jar:/home/feriwinarta/.m2/repository/org/junit/jupiter/junit-jupiter-engine/5.8.0-M1/junit-jupiter-engine-5.8.0-M1.jar:/home/feriwinarta/.m2/repository/org/junit/platform/junit-platform-engine/1.8.0-M1/junit-platform-engine-1.8.0-M1.jar:/home/feriwinarta/.m2/repository/org/jetbrains/kotlin/kotlin-stdlib-jdk8/1.4.20/kotlin-stdlib-jdk8-1.4.20.jar:/home/feriwinarta/.m2/repository/org/jetbrains/kotlin/kotlin-stdlib/1.4.20/kotlin-stdlib-1.4.20.jar:/home/feriwinarta/.m2/repository/org/jetbrains/kotlin/kotlin-stdlib-common/1.4.20/kotlin-stdlib-common-1.4.20.jar:/home/feriwinarta/.m2/repository/org/jetbrains/annotations/13.0/annotations-13.0.jar:/home/feriwinarta/.m2/repository/org/jetbrains/kotlin/kotlin-stdlib-jdk7/1.4.20/kotlin-stdlib-jdk7-1.4.20.jar:/home/feriwinarta/.m2/repository/com/google/code/gson/gson/2.8.7/gson-2.8.7.jar:"/>
    <property name="sun.cpu.endian" value="little"/>
    <property name="user.home" value="/home/feriwinarta"/>
    <property name="user.language" value="en"/>
    <property name="java.specification.vendor" value="Oracle Corporation"/>
    <property name="java.version.date" value="2021-04-20"/>
    <property name="java.home" value="/usr/java/jdk-16.0.1"/>
    <property name="file.separator" value="/"/>
    <property name="basedir" value="/home/feriwinarta/Source Code/maven/belajar-mvn-unit-test"/>
    <property name="java.vm.compressedOopsMode" value="32-bit"/>
    <property name="line.separator" value="&#10;"/>
    <property name="java.vm.specification.vendor" value="Oracle Corporation"/>
    <property name="java.specification.name" value="Java Platform API Specification"/>
    <property name="surefire.real.class.path" value="/home/feriwinarta/Source Code/maven/belajar-mvn-unit-test/target/surefire/surefirebooter8736461805543675865.jar"/>
    <property name="sun.management.compiler" value="HotSpot 64-Bit Tiered Compilers"/>
    <property name="java.runtime.version" value="16.0.1+9-24"/>
    <property name="user.name" value="feriwinarta"/>
    <property name="path.separator" value=":"/>
    <property name="os.version" value="5.12.15-300.fc34.x86_64"/>
    <property name="java.runtime.name" value="Java(TM) SE Runtime Environment"/>
    <property name="file.encoding" value="UTF-8"/>
    <property name="java.vm.name" value="Java HotSpot(TM) 64-Bit Server VM"/>
    <property name="localRepository" value="/home/feriwinarta/.m2/repository"/>
    <property name="java.vendor.url.bug" value="https://bugreport.java.com/bugreport/"/>
    <property name="java.io.tmpdir" value="/tmp"/>
    <property name="java.version" value="16.0.1"/>
    <property name="user.dir" value="/home/feriwinarta/Source Code/maven/belajar-mvn-unit-test"/>
    <property name="os.arch" value="amd64"/>
    <property name="groups" value="belajar-test-bagian-tag"/>
    <property name="java.vm.specification.name" value="Java Virtual Machine Specification"/>
    <property name="java.library.path" value="/usr/java/packages/lib:/usr/lib64:/lib64:/lib:/usr/lib"/>
    <property name="java.vm.info" value="mixed mode, sharing"/>
    <property name="java.vendor" value="Oracle Corporation"/>
    <property name="java.vm.version" value="16.0.1+9-24"/>
    <property name="sun.io.unicode.encoding" value="UnicodeLittle"/>
    <property name="java.class.version" value="60.0"/>
  </properties>
  <testcase name="testAborted" classname="ferdev.mvn.test.CalculatorTest" time="0">
    <skipped message="PROFILE DEV TIDAK ADA" type="org.opentest4j.TestAbortedException">org.opentest4j.TestAbortedException: PROFILE DEV TIDAK ADA
	at ferdev.mvn.test.CalculatorTest.testAborted(CalculatorTest.java:80)
</skipped>
    <system-out><![CDATA[********************
SEBELUM SEMUA METHOD
********************
=================
Sebelum PerMethod
=================


=================
Sesudah Per Method
=================

]]></system-out>
  </testcase>
  <testcase name="tambahTestSucces" classname="ferdev.mvn.test.CalculatorTest" time="0.005"/>
  <testcase name="methodNormal" classname="ferdev.mvn.test.CalculatorTest" time="0.002"/>
  <testcase name="testForDisabled" classname="ferdev.mvn.test.CalculatorTest" time="0">
    <skipped message="public void ferdev.mvn.test.CalculatorTest.testForDisabled() is @Disabled"/>
  </testcase>
  <testcase name="tesAsumption" classname="ferdev.mvn.test.CalculatorTest" time="0">
    <skipped message="Assumption failed: assumption is not true" type="org.opentest4j.TestAbortedException">org.opentest4j.TestAbortedException: Assumption failed: assumption is not true
	at ferdev.mvn.test.CalculatorTest.tesAsumption(CalculatorTest.java:90)
</skipped>
    <system-out><![CDATA[=================
Sebelum PerMethod
=================


=================
Sesudah Per Method
=================

]]></system-out>
  </testcase>
  <testcase name="bagiTestExceptionSucces" classname="ferdev.mvn.test.CalculatorTest" time="0.004"/>
</testsuite>