<?xml version="1.0" encoding="UTF-8"?>
<testsuite xmlns:xsi="http://www.w3.org/2001/XMLSchema-instance" xsi:noNamespaceSchemaLocation="https://maven.apache.org/surefire/maven-surefire-plugin/xsd/surefire-test-report.xsd" name="ferdev.mvn.test.TestKondisi" time="0.006" tests="10" errors="0" skipped="6" failures="0">
  <properties>
[...]
</properties>
  <testcase name="testDisableUntukJre16" classname="ferdev.mvn.test.TestKondisi" time="0">
    <skipped message="Disabled on JRE version: 16.0.1"/>
  </testcase>
  <testcase name="DisabledSystemEnvironmet" classname="ferdev.mvn.test.TestKondisi" time="0">
    <skipped message="Environment variable [PROFILE] does not exist"/>
  </testcase>
  <testcase name="testDisableUntukOsLinux" classname="ferdev.mvn.test.TestKondisi" time="0">
    <skipped message="Disabled on operating system: Linux"/>
  </testcase>
  <testcase name="enabledOnPoperty" classname="ferdev.mvn.test.TestKondisi" time="0"/>
  <testcase name="testEnableOnJreRange8to16" classname="ferdev.mvn.test.TestKondisi" time="0"/>
  <testcase name="tesEnableUntukOsLinux" classname="ferdev.mvn.test.TestKondisi" time="0"/>
  <testcase name="testDisableOnJreRange8to16" classname="ferdev.mvn.test.TestKondisi" time="0">
    <skipped message="Disabled on JRE version: 16.0.1"/>
  </testcase>
  <testcase name="testEnableUntukJre16" classname="ferdev.mvn.test.TestKondisi" time="0"/>
  <testcase name="enableSystemEnvironment" classname="ferdev.mvn.test.TestKondisi" time="0">
    <skipped message="Environment variable [PROFILE] does not exist"/>
  </testcase>
  <testcase name="DisabledOnPoperty" classname="ferdev.mvn.test.TestKondisi" time="0">
    <skipped message="System property [os.name] with value [Linux] matches regular expression [Linux]"/>
  </testcase>
</testsuite>